<?xml version="1.0" encoding="UTF-8"?>
<!-- Generated by org.testng.reporters.JUnitReportReporter -->
<testsuite hostname="DESKTOP-CAKD8RJ" failures="0" tests="1" name="testngpackage.Demogurufilechoose" time="9.128" errors="0" timestamp="2023-06-01T15:23:46 IST" skipped="0">
  <testcase classname="testngpackage.Demogurufilechoose" name="start" time="9.128"/>
  <system-out/>
</testsuite> <!-- testngpackage.Demogurufilechoose -->
