<?xml version="1.0" encoding="UTF-8"?>
<!-- Generated by org.testng.reporters.JUnitReportReporter -->
<testsuite hostname="DESKTOP-CAKD8RJ" failures="0" tests="1" name="testngpackage.Facebookxmlparametres" time="8.623" errors="0" timestamp="2023-05-30T15:57:43 IST" skipped="0">
  <testcase classname="testngpackage.Facebookxmlparametres" name="test" time="8.623"/>
  <system-out/>
</testsuite> <!-- testngpackage.Facebookxmlparametres -->
