<?xml version="1.0" encoding="UTF-8"?>
<!-- Generated by org.testng.reporters.JUnitReportReporter -->
<testsuite hostname="DESKTOP-CAKD8RJ" failures="0" tests="1" name="testngpackage.Gmailidpassword" time="5.197" errors="0" timestamp="2023-05-30T16:37:32 IST" skipped="0">
  <testcase classname="testngpackage.Gmailidpassword" name="test" time="5.197"/>
  <system-out/>
</testsuite> <!-- testngpackage.Gmailidpassword -->
