<?xml version="1.0" encoding="UTF-8"?>
<!-- Generated by org.testng.reporters.JUnitReportReporter -->
<testsuite hostname="DESKTOP-CAKD8RJ" failures="0" tests="1" name="testngpackage.Expediamonthdate" time="11.939" errors="0" timestamp="2023-06-07T23:34:13 IST" skipped="0">
  <testcase classname="testngpackage.Expediamonthdate" name="test" time="11.939"/>
  <system-out/>
</testsuite> <!-- testngpackage.Expediamonthdate -->
