<?xml version="1.0" encoding="UTF-8"?>
<!-- Generated by org.testng.reporters.JUnitReportReporter -->
<testsuite hostname="DESKTOP-CAKD8RJ" failures="0" tests="1" name="testngpackage.Draganddrop" time="11.260" errors="0" timestamp="2023-05-29T15:09:28 IST" skipped="0">
  <testcase classname="testngpackage.Draganddrop" name="test" time="11.260"/>
  <system-out/>
</testsuite> <!-- testngpackage.Draganddrop -->
