<?xml version="1.0" encoding="UTF-8"?>
<!-- Generated by org.testng.reporters.JUnitReportReporter -->
<testsuite hostname="DESKTOP-CAKD8RJ" failures="0" tests="2" name="testngpackage.Groupingmethods" time="6.798" errors="0" timestamp="2023-05-26T17:59:20 IST" skipped="0">
  <testcase classname="testngpackage.Groupingmethods" name="clicks" time="5.767"/>
  <system-out/>
  <testcase classname="testngpackage.Groupingmethods" name="texts" time="1.031"/>
  <system-out/>
</testsuite> <!-- testngpackage.Groupingmethods -->
