<?xml version="1.0" encoding="UTF-8"?>
<!-- Generated by org.testng.reporters.JUnitReportReporter -->
<testsuite hostname="DESKTOP-CAKD8RJ" failures="0" tests="1" name="testngpackage.Excelsheetnumeric" time="9.469" errors="0" timestamp="2023-05-31T18:03:50 IST" skipped="0">
  <testcase classname="testngpackage.Excelsheetnumeric" name="excel" time="9.469"/>
  <system-out/>
</testsuite> <!-- testngpackage.Excelsheetnumeric -->
