<?xml version="1.0" encoding="UTF-8"?>
<!-- Generated by org.testng.reporters.JUnitReportReporter -->
<testsuite hostname="DESKTOP-CAKD8RJ" failures="0" tests="2" name="testngpackage.Gurualertbox" time="13.240" errors="0" timestamp="2023-05-29T16:17:19 IST" skipped="0">
  <testcase classname="testngpackage.Gurualertbox" name="test1" time="3.907"/>
  <system-out/>
  <testcase classname="testngpackage.Gurualertbox" name="test" time="9.333"/>
  <system-out/>
</testsuite> <!-- testngpackage.Gurualertbox -->
