<?xml version="1.0" encoding="UTF-8"?>
<!-- Generated by org.testng.reporters.JUnitReportReporter -->
<testsuite hostname="DESKTOP-CAKD8RJ" failures="0" tests="1" name="testngpackage.Amazonmultiplewindow" time="25.885" errors="0" timestamp="2023-06-13T14:30:37 IST" skipped="0">
  <testcase classname="testngpackage.Amazonmultiplewindow" name="test" time="25.885"/>
  <system-out/>
</testsuite> <!-- testngpackage.Amazonmultiplewindow -->
