<?xml version="1.0" encoding="UTF-8"?>
<!-- Generated by org.testng.reporters.JUnitReportReporter -->
<testsuite hostname="DESKTOP-CAKD8RJ" failures="0" tests="1" name="testngpackage.Fileuploadinbrowser" time="4.245" errors="0" timestamp="2023-06-02T16:16:56 IST" skipped="0">
  <testcase classname="testngpackage.Fileuploadinbrowser" name="test" time="4.245"/>
  <system-out/>
</testsuite> <!-- testngpackage.Fileuploadinbrowser -->
