<?xml version="1.0" encoding="UTF-8"?>
<!-- Generated by org.testng.reporters.JUnitReportReporter -->
<testsuite hostname="DESKTOP-CAKD8RJ" failures="0" tests="1" name="testngpackage.Ebayprgrm" time="22.882" errors="0" timestamp="2023-05-30T14:11:01 IST" skipped="0">
  <testcase classname="testngpackage.Ebayprgrm" name="tests" time="22.882"/>
  <system-out/>
</testsuite> <!-- testngpackage.Ebayprgrm -->
