<?xml version="1.0" encoding="UTF-8"?>
<!-- Generated by org.testng.reporters.JUnitReportReporter -->
<testsuite hostname="DESKTOP-CAKD8RJ" failures="0" tests="1" name="testngpackage.Excelvaluesget" time="1.660" errors="0" timestamp="2023-05-31T14:58:46 IST" skipped="0">
  <testcase classname="testngpackage.Excelvaluesget" name="excel" time="1.660"/>
  <system-out/>
</testsuite> <!-- testngpackage.Excelvaluesget -->
