<?xml version="1.0" encoding="UTF-8"?>
<!-- Generated by org.testng.reporters.JUnitReportReporter -->
<testsuite hostname="DESKTOP-CAKD8RJ" failures="0" tests="1" name="testngpackage.rediffassertion" time="8.850" errors="0" timestamp="2023-06-01T14:47:07 IST" skipped="0">
  <testcase classname="testngpackage.rediffassertion" name="test" time="8.850"/>
  <system-out/>
</testsuite> <!-- testngpackage.rediffassertion -->
