<?xml version="1.0" encoding="UTF-8"?>
<!-- Generated by org.testng.reporters.JUnitReportReporter -->
<testsuite hostname="DESKTOP-CAKD8RJ" failures="0" tests="2" name="testngpackage.Rediffavailability" time="4.450" errors="0" timestamp="2023-05-28T17:06:31 IST" skipped="0">
  <testcase classname="testngpackage.Rediffavailability" name="check1" time="3.287"/>
  <system-out/>
  <testcase classname="testngpackage.Rediffavailability" name="check" time="1.163"/>
  <system-out/>
</testsuite> <!-- testngpackage.Rediffavailability -->
