<?xml version="1.0" encoding="UTF-8"?>
<!-- Generated by org.testng.reporters.JUnitReportReporter -->
<testsuite hostname="DESKTOP-CAKD8RJ" failures="0" tests="2" name="testngpackage.Extentreportmaking" time="3.214" errors="0" timestamp="2023-06-06T20:43:35 IST" skipped="0">
  <testcase classname="testngpackage.Extentreportmaking" name="test" time="0.987"/>
  <system-out/>
  <testcase classname="testngpackage.Extentreportmaking" name="test1" time="2.227"/>
  <system-out/>
</testsuite> <!-- testngpackage.Extentreportmaking -->
