<?xml version="1.0" encoding="UTF-8"?>
<!-- Generated by org.testng.reporters.JUnitReportReporter -->
<testsuite hostname="DESKTOP-CAKD8RJ" failures="0" tests="1" name="testngpackage.Rediffcopypaste" time="3.015" errors="0" timestamp="2023-05-29T14:11:14 IST" skipped="0">
  <testcase classname="testngpackage.Rediffcopypaste" name="copy" time="3.015"/>
  <system-out/>
</testsuite> <!-- testngpackage.Rediffcopypaste -->
