<?xml version="1.0" encoding="UTF-8"?>
<!-- Generated by org.testng.reporters.JUnitReportReporter -->
<testsuite hostname="DESKTOP-CAKD8RJ" failures="0" tests="1" name="testngpackage.Justdialwindowsnotif" time="0.797" errors="0" timestamp="2023-06-12T15:18:59 IST" skipped="0">
  <testcase classname="testngpackage.Justdialwindowsnotif" name="test" time="0.797"/>
  <system-out/>
</testsuite> <!-- testngpackage.Justdialwindowsnotif -->
