<?xml version="1.0" encoding="UTF-8"?>
<!-- Generated by org.testng.reporters.JUnitReportReporter -->
<testsuite hostname="DESKTOP-CAKD8RJ" failures="0" tests="3" name="testngpackage.Crosswebbrowserprgm" time="9.086" errors="0" timestamp="2023-06-01T16:15:17 IST" skipped="0">
  <testcase classname="testngpackage.Crosswebbrowserprgm" name="test1" time="2.307"/>
  <system-out/>
  <testcase classname="testngpackage.Crosswebbrowserprgm" name="test1" time="2.008"/>
  <system-out/>
  <testcase classname="testngpackage.Crosswebbrowserprgm" name="test1" time="4.771"/>
  <system-out/>
</testsuite> <!-- testngpackage.Crosswebbrowserprgm -->
