<?xml version="1.0" encoding="UTF-8"?>
<!-- Generated by org.testng.reporters.JUnitReportReporter -->
<testsuite hostname="DESKTOP-CAKD8RJ" failures="0" tests="1" name="test.Expediatest" time="15.964" errors="0" timestamp="2023-06-07T23:48:34 IST" skipped="0">
  <testcase classname="test.Expediatest" name="test" time="15.964"/>
  <system-out/>
</testsuite> <!-- test.Expediatest -->
