<?xml version="1.0" encoding="UTF-8"?>
<!-- Generated by org.testng.reporters.JUnitReportReporter -->
<testsuite hostname="DESKTOP-CAKD8RJ" failures="0" tests="1" name="testngpackage.Multipletabhandling" time="11.355" errors="0" timestamp="2023-06-13T14:09:14 IST" skipped="0">
  <testcase classname="testngpackage.Multipletabhandling" name="test" time="11.355"/>
  <system-out/>
</testsuite> <!-- testngpackage.Multipletabhandling -->
