<?xml version="1.0" encoding="UTF-8"?>
<!-- Generated by org.testng.reporters.JUnitReportReporter -->
<testsuite hostname="DESKTOP-CAKD8RJ" failures="0" tests="1" name="test.Createpagetest" time="9.397" errors="0" timestamp="2023-06-07T15:55:49 IST" skipped="0">
  <testcase classname="test.Createpagetest" name="test" time="9.397"/>
  <system-out/>
</testsuite> <!-- test.Createpagetest -->
